<?xml version="1.0" encoding="UTF-8"?>
<!-- Generated by org.testng.reporters.JUnitReportReporter -->
<testsuite hostname="Geetha" failures="0" tests="1" name="com.automation.gridtest.SeleniumGridTesting" time="4.669" errors="0" timestamp="2023-06-13T06:36:15 PDT" skipped="0">
  <testcase classname="com.automation.gridtest.SeleniumGridTesting" name="remoteTest" time="4.669"/>
  <system-out/>
</testsuite> <!-- com.automation.gridtest.SeleniumGridTesting -->
