<?xml version="1.0" encoding="UTF-8"?>
<!-- Generated by org.testng.reporters.JUnitReportReporter -->
<testsuite hostname="Geetha" failures="0" tests="3" name="com.automation.testscripts.AutomationScripts" time="21.331" errors="0" timestamp="2023-06-20T20:04:06 PDT" skipped="2">
  <testcase classname="com.automation.testscripts.AutomationScripts" name="View_Contact_Details_FromView_TestScript_29" time="21.331"/>
  <system-out/>
  <testcase classname="com.automation.testscripts.AutomationScripts" name="MyProfile_UserMenu_Option_TestScript_06">
    <skipped/>
  </testcase> <!-- MyProfile_UserMenu_Option_TestScript_06 -->
  <system-out/>
  <testcase classname="com.automation.testscripts.AutomationScripts" name="MySettings_UserMenu_Option_TestScript_07">
    <skipped/>
  </testcase> <!-- MySettings_UserMenu_Option_TestScript_07 -->
  <system-out/>
</testsuite> <!-- com.automation.testscripts.AutomationScripts -->
